c:\users\mitch\source\repos\cppproject\debug\vc142.pdb
c:\users\mitch\source\repos\cppproject\debug\vc142.idb
c:\users\mitch\source\repos\cppproject\debug\add.obj
c:\users\mitch\source\repos\cppproject\debug\main.obj
c:\users\mitch\source\repos\cppproject\debug\add1.obj
c:\users\mitch\source\repos\cppproject\debug\cppproject.exe
c:\users\mitch\source\repos\cppproject\debug\cppproject.ilk
c:\users\mitch\source\repos\cppproject\debug\cppproject.pdb
c:\users\mitch\source\repos\cppproject\debug\cppproject.tlog\cl.command.1.tlog
c:\users\mitch\source\repos\cppproject\debug\cppproject.tlog\cl.read.1.tlog
c:\users\mitch\source\repos\cppproject\debug\cppproject.tlog\cl.write.1.tlog
c:\users\mitch\source\repos\cppproject\debug\cppproject.tlog\link-cvtres.read.1.tlog
c:\users\mitch\source\repos\cppproject\debug\cppproject.tlog\link-cvtres.write.1.tlog
c:\users\mitch\source\repos\cppproject\debug\cppproject.tlog\link-rc.read.1.tlog
c:\users\mitch\source\repos\cppproject\debug\cppproject.tlog\link-rc.write.1.tlog
c:\users\mitch\source\repos\cppproject\debug\cppproject.tlog\link.21908-cvtres.read.1.tlog
c:\users\mitch\source\repos\cppproject\debug\cppproject.tlog\link.21908-cvtres.write.1.tlog
c:\users\mitch\source\repos\cppproject\debug\cppproject.tlog\link.21908-rc.read.1.tlog
c:\users\mitch\source\repos\cppproject\debug\cppproject.tlog\link.21908-rc.write.1.tlog
c:\users\mitch\source\repos\cppproject\debug\cppproject.tlog\link.21908.read.1.tlog
c:\users\mitch\source\repos\cppproject\debug\cppproject.tlog\link.21908.write.1.tlog
c:\users\mitch\source\repos\cppproject\debug\cppproject.tlog\link.command.1.tlog
c:\users\mitch\source\repos\cppproject\debug\cppproject.tlog\link.read.1.tlog
c:\users\mitch\source\repos\cppproject\debug\cppproject.tlog\link.write.1.tlog
